<?xml version="1.0" encoding="utf-8"?><testsuites name="pytest tests"><testsuite name="pytest" errors="0" failures="0" skipped="0" tests="15" time="3.937" timestamp="2026-07-14T03:32:19.160929+00:00" hostname="agent-env-4e9132e2-0b25-430c-a315-4917e285199c"><testcase classname="tests.backend_test" name="test_root" time="0.234" /><testcase classname="tests.backend_test" name="test_register_success" time="0.275" /><testcase classname="tests.backend_test" name="test_register_sets_cookie" time="0.274" /><testcase classname="tests.backend_test" name="test_register_duplicate" time="0.046" /><testcase classname="tests.backend_test" name="test_login_success" time="0.268" /><testcase classname="tests.backend_test" name="test_login_wrong_password" time="0.270" /><testcase classname="tests.backend_test" name="test_me_with_bearer" time="0.406" /><testcase classname="tests.backend_test" name="test_me_no_token" time="0.119" /><testcase classname="tests.backend_test" name="test_bcrypt_hash_format" time="0.225" /><testcase classname="tests.backend_test" name="test_progress_requires_auth" time="0.205" /><testcase classname="tests.backend_test" name="test_progress_initial_unlocked_is_1" time="0.098" /><testcase classname="tests.backend_test" name="test_progress_save_level1_unlocks_2" time="0.208" /><testcase classname="tests.backend_test" name="test_progress_lower_score_does_not_overwrite" time="0.255" /><testcase classname="tests.backend_test" name="test_progress_multiple_levels_unlock" time="0.319" /><testcase classname="tests.backend_test" name="test_progress_level_7_cap" time="0.209" /></testsuite></testsuites>